<?xml version="1.0" encoding="UTF-8"?>
<testng-results skipped="0" failed="0" ignored="0" total="2" passed="2">
  <reporter-output>
  </reporter-output>
  <suite name="Default suite" duration-ms="54" started-at="2021-09-03T15:23:11 PDT" finished-at="2021-09-03T15:23:11 PDT">
    <groups>
    </groups>
    <test name="Default test" duration-ms="54" started-at="2021-09-03T15:23:11 PDT" finished-at="2021-09-03T15:23:11 PDT">
      <class name="test1">
        <test-method status="PASS" signature="addNum()[pri:0, instance:test1@7d907bac]" name="addNum" duration-ms="11" started-at="2021-09-03T15:23:11 PDT" finished-at="2021-09-03T15:23:11 PDT">
          <reporter-output>
          </reporter-output>
        </test-method> <!-- addNum -->
        <test-method status="PASS" signature="regular()[pri:0, instance:test1@7d907bac]" name="regular" duration-ms="2" started-at="2021-09-03T15:23:11 PDT" finished-at="2021-09-03T15:23:11 PDT">
          <reporter-output>
          </reporter-output>
        </test-method> <!-- regular -->
      </class> <!-- test1 -->
    </test> <!-- Default test -->
  </suite> <!-- Default suite -->
</testng-results>
