<?xml version="1.0" encoding="UTF-8"?>
<testng-results skipped="0" failed="0" ignored="0" total="1" passed="1">
  <reporter-output>
  </reporter-output>
  <suite name="Default suite" duration-ms="36" started-at="2021-08-30T21:25:02 PDT" finished-at="2021-08-30T21:25:02 PDT">
    <groups>
    </groups>
    <test name="Default test" duration-ms="36" started-at="2021-08-30T21:25:02 PDT" finished-at="2021-08-30T21:25:02 PDT">
      <class name="test1">
        <test-method status="PASS" signature="regular()[pri:0, instance:test1@7d907bac]" name="regular" duration-ms="6" started-at="2021-08-30T21:25:02 PDT" finished-at="2021-08-30T21:25:02 PDT">
          <reporter-output>
          </reporter-output>
        </test-method> <!-- regular -->
      </class> <!-- test1 -->
    </test> <!-- Default test -->
  </suite> <!-- Default suite -->
</testng-results>
